2016-02-03 11:19:59: Expanded '%GSDISK%/tmp/include' to 'C:/tmp/include'
2016-02-03 11:19:59: -- Analysis Started by User
2016-02-03 11:19:59: 左侧: State file does not exist: //cq01-forum-rstree01.cq01.baidu.com/img/rsc/app/search/sep/anti-spam/gezi/include/_gsdata_/_file_state_v4._gs
2016-02-03 11:20:04: 右侧: State file does not exist: C:/tmp/include/_gsdata_/_file_state_v4._gs
2016-02-03 11:20:04: 变更：339， 冲突：， 复制时间：， 复制状态：/， 错误： , All: 396
2016-02-03 11:20:04: Left to Right: Copy File: 339 
2016-02-03 11:20:04: ----- ：分析已结束。 历时 00:00:05， 速度： 79 个文件/秒 -----
2016-02-03 11:20:04: 
2016-02-03 11:20:08: Expanded '%GSDISK%/tmp/include' to 'C:/tmp/include'
2016-02-03 11:20:08: New _gsdata_ folder(s) created, so rescan all job folders for their ghosts
2016-02-03 11:20:08: == Sync Started by User
2016-02-03 11:20:09: 创建文件夹 'C:/tmp/include/algorithm'
2016-02-03 11:20:09: 创建文件夹 'C:/tmp/include/cereal'
2016-02-03 11:20:09: 创建文件夹 'C:/tmp/include/cereal/archives'
2016-02-03 11:20:09: 创建文件夹 'C:/tmp/include/cereal/details'
2016-02-03 11:20:09: 创建文件夹 'C:/tmp/include/cereal/external'
2016-02-03 11:20:09: 创建文件夹 'C:/tmp/include/cereal/external/rapidjson'
2016-02-03 11:20:09: 创建文件夹 'C:/tmp/include/cereal/external/rapidjson/internal'
2016-02-03 11:20:09: 创建文件夹 'C:/tmp/include/cereal/external/rapidxml'
2016-02-03 11:20:09: 创建文件夹 'C:/tmp/include/cereal/types'
2016-02-03 11:20:10: 创建文件夹 'C:/tmp/include/collections'
2016-02-03 11:20:10: 创建文件夹 'C:/tmp/include/container'
2016-02-03 11:20:10: 创建文件夹 'C:/tmp/include/db'
2016-02-03 11:20:10: 创建文件夹 'C:/tmp/include/db/otl'
2016-02-03 11:20:10: 创建文件夹 'C:/tmp/include/detail'
2016-02-03 11:20:10: 创建文件夹 'C:/tmp/include/ds'
2016-02-03 11:20:10: 创建文件夹 'C:/tmp/include/ds/detail'
2016-02-03 11:20:10: 创建文件夹 'C:/tmp/include/ds/detail/bak'
2016-02-03 11:20:10: 创建文件夹 'C:/tmp/include/ds/experimental'
2016-02-03 11:20:10: 创建文件夹 'C:/tmp/include/feature'
2016-02-03 11:20:10: 创建文件夹 'C:/tmp/include/fgl'
2016-02-03 11:20:10: 创建文件夹 'C:/tmp/include/json'
2016-02-03 11:20:10: 创建文件夹 'C:/tmp/include/linq'
2016-02-03 11:20:11: 创建文件夹 'C:/tmp/include/model'
2016-02-03 11:20:11: 创建文件夹 'C:/tmp/include/nlp'
2016-02-03 11:20:11: 创建文件夹 'C:/tmp/include/Numeric'
2016-02-03 11:20:11: 创建文件夹 'C:/tmp/include/Numeric/Vector'
2016-02-03 11:20:11: 创建文件夹 'C:/tmp/include/other'
2016-02-03 11:20:11: 创建文件夹 'C:/tmp/include/python'
2016-02-03 11:20:11: 创建文件夹 'C:/tmp/include/PythonWrapper'
2016-02-03 11:20:11: 创建文件夹 'C:/tmp/include/serialization'
2016-02-03 11:20:11: 创建文件夹 'C:/tmp/include/third'
2016-02-03 11:20:11: 创建文件夹 'C:/tmp/include/third/ds'
2016-02-03 11:20:11: 创建文件夹 'C:/tmp/include/third/ds/trie'
2016-02-03 11:20:11: 创建文件夹 'C:/tmp/include/third/mpp'
2016-02-03 11:20:11: 创建文件夹 'C:/tmp/include/third/mpp/detail'
2016-02-03 11:20:12: 创建文件夹 'C:/tmp/include/tieba'
2016-02-03 11:20:12: 创建文件夹 'C:/tmp/include/tieba/dingtie'
2016-02-03 11:20:12: 创建文件夹 'C:/tmp/include/tieba/feature'
2016-02-03 11:20:12: 创建文件夹 'C:/tmp/include/tieba/feature/fullposts'
2016-02-03 11:20:12: 创建文件夹 'C:/tmp/include/tieba/feature/rsc'
2016-02-03 11:20:12: 创建文件夹 'C:/tmp/include/tieba/feature/rsc_delete'
2016-02-03 11:20:12: 创建文件夹 'C:/tmp/include/tieba/feature/rsc_thread'
2016-02-03 11:20:12: 创建文件夹 'C:/tmp/include/tieba/feature/thread'
2016-02-03 11:20:12: 创建文件夹 'C:/tmp/include/tieba/feature/urate'
2016-02-03 11:20:13: 创建文件夹 'C:/tmp/include/tieba/feature_util'
2016-02-03 11:20:13: 创建文件夹 'C:/tmp/include/tieba/fullposts'
2016-02-03 11:20:13: 创建文件夹 'C:/tmp/include/tieba/fullposts/run'
2016-02-03 11:20:13: 创建文件夹 'C:/tmp/include/tieba/info'
2016-02-03 11:20:13: 创建文件夹 'C:/tmp/include/tieba/repeated_string'
2016-02-03 11:20:13: 创建文件夹 'C:/tmp/include/tieba/rsc'
2016-02-03 11:20:13: 创建文件夹 'C:/tmp/include/tieba/thread'
2016-02-03 11:20:13: 创建文件夹 'C:/tmp/include/tieba/urate'
2016-02-03 11:20:13: 创建文件夹 'C:/tmp/include/tools'
2016-02-03 11:20:13: 创建文件夹 'C:/tmp/include/tools/pinyin'
2016-02-03 11:20:13: 创建文件夹 'C:/tmp/include/tools/redis'
2016-02-03 11:20:14: 创建文件夹 'C:/tmp/include/util'
2016-02-03 11:20:14: 新建复制 '//cq01-forum-rstree01.cq01.baidu.com/img/rsc/app/search/sep/anti-spam/gezi/include/algorithm/edit_distance.h' -> 'C:/tmp/include/algorithm/edit_distance.h'
2016-02-03 11:20:14: 新建复制 '//cq01-forum-rstree01.cq01.baidu.com/img/rsc/app/search/sep/anti-spam/gezi/include/algorithm/editdistance.cc' -> 'C:/tmp/include/algorithm/editdistance.cc'
2016-02-03 11:20:14: 新建复制 '//cq01-forum-rstree01.cq01.baidu.com/img/rsc/app/search/sep/anti-spam/gezi/include/algorithm/editdistance.h' -> 'C:/tmp/include/algorithm/editdistance.h'
2016-02-03 11:20:14: 新建复制 '//cq01-forum-rstree01.cq01.baidu.com/img/rsc/app/search/sep/anti-spam/gezi/include/all_util.h' -> 'C:/tmp/include/all_util.h'
2016-02-03 11:20:15: 新建复制 '//cq01-forum-rstree01.cq01.baidu.com/img/rsc/app/search/sep/anti-spam/gezi/include/bloom_filter.h' -> 'C:/tmp/include/bloom_filter.h'
2016-02-03 11:20:15: 新建复制 '//cq01-forum-rstree01.cq01.baidu.com/img/rsc/app/search/sep/anti-spam/gezi/include/cereal/access.hpp' -> 'C:/tmp/include/cereal/access.hpp'
2016-02-03 11:20:15: 新建复制 '//cq01-forum-rstree01.cq01.baidu.com/img/rsc/app/search/sep/anti-spam/gezi/include/cereal/archives/binary.hpp' -> 'C:/tmp/include/cereal/archives/binary.hpp'
2016-02-03 11:20:15: 新建复制 '//cq01-forum-rstree01.cq01.baidu.com/img/rsc/app/search/sep/anti-spam/gezi/include/cereal/archives/json.hpp' -> 'C:/tmp/include/cereal/archives/json.hpp'
2016-02-03 11:20:16: 新建复制 '//cq01-forum-rstree01.cq01.baidu.com/img/rsc/app/search/sep/anti-spam/gezi/include/cereal/archives/portable_binary.hpp' -> 'C:/tmp/include/cereal/archives/portable_binary.hpp'
2016-02-03 11:20:16: 新建复制 '//cq01-forum-rstree01.cq01.baidu.com/img/rsc/app/search/sep/anti-spam/gezi/include/cereal/archives/xml.hpp' -> 'C:/tmp/include/cereal/archives/xml.hpp'
2016-02-03 11:20:16: 新建复制 '//cq01-forum-rstree01.cq01.baidu.com/img/rsc/app/search/sep/anti-spam/gezi/include/cereal/cereal.hpp' -> 'C:/tmp/include/cereal/cereal.hpp'
2016-02-03 11:20:16: 新建复制 '//cq01-forum-rstree01.cq01.baidu.com/img/rsc/app/search/sep/anti-spam/gezi/include/cereal/details/helpers.hpp' -> 'C:/tmp/include/cereal/details/helpers.hpp'
2016-02-03 11:20:16: 新建复制 '//cq01-forum-rstree01.cq01.baidu.com/img/rsc/app/search/sep/anti-spam/gezi/include/cereal/details/polymorphic_impl.hpp' -> 'C:/tmp/include/cereal/details/polymorphic_impl.hpp'
2016-02-03 11:20:16: 新建复制 '//cq01-forum-rstree01.cq01.baidu.com/img/rsc/app/search/sep/anti-spam/gezi/include/cereal/details/static_object.hpp' -> 'C:/tmp/include/cereal/details/static_object.hpp'
2016-02-03 11:20:17: 新建复制 '//cq01-forum-rstree01.cq01.baidu.com/img/rsc/app/search/sep/anti-spam/gezi/include/cereal/details/traits.hpp' -> 'C:/tmp/include/cereal/details/traits.hpp'
2016-02-03 11:20:17: 新建复制 '//cq01-forum-rstree01.cq01.baidu.com/img/rsc/app/search/sep/anti-spam/gezi/include/cereal/details/util.hpp' -> 'C:/tmp/include/cereal/details/util.hpp'
2016-02-03 11:20:17: 新建复制 '//cq01-forum-rstree01.cq01.baidu.com/img/rsc/app/search/sep/anti-spam/gezi/include/cereal/external/base64.hpp' -> 'C:/tmp/include/cereal/external/base64.hpp'
2016-02-03 11:20:17: 新建复制 '//cq01-forum-rstree01.cq01.baidu.com/img/rsc/app/search/sep/anti-spam/gezi/include/cereal/external/rapidjson/document.h' -> 'C:/tmp/include/cereal/external/rapidjson/document.h'
2016-02-03 11:20:18: 新建复制 '//cq01-forum-rstree01.cq01.baidu.com/img/rsc/app/search/sep/anti-spam/gezi/include/cereal/external/rapidjson/filestream.h' -> 'C:/tmp/include/cereal/external/rapidjson/filestream.h'
2016-02-03 11:20:18: 新建复制 '//cq01-forum-rstree01.cq01.baidu.com/img/rsc/app/search/sep/anti-spam/gezi/include/cereal/external/rapidjson/genericstream.h' -> 'C:/tmp/include/cereal/external/rapidjson/genericstream.h'
2016-02-03 11:20:18: 新建复制 '//cq01-forum-rstree01.cq01.baidu.com/img/rsc/app/search/sep/anti-spam/gezi/include/cereal/external/rapidjson/internal/pow10.h' -> 'C:/tmp/include/cereal/external/rapidjson/internal/pow10.h'
2016-02-03 11:20:18: 新建复制 '//cq01-forum-rstree01.cq01.baidu.com/img/rsc/app/search/sep/anti-spam/gezi/include/cereal/external/rapidjson/internal/stack.h' -> 'C:/tmp/include/cereal/external/rapidjson/internal/stack.h'
2016-02-03 11:20:19: 新建复制 '//cq01-forum-rstree01.cq01.baidu.com/img/rsc/app/search/sep/anti-spam/gezi/include/cereal/external/rapidjson/internal/strfunc.h' -> 'C:/tmp/include/cereal/external/rapidjson/internal/strfunc.h'
2016-02-03 11:20:19: 新建复制 '//cq01-forum-rstree01.cq01.baidu.com/img/rsc/app/search/sep/anti-spam/gezi/include/cereal/external/rapidjson/license.txt' -> 'C:/tmp/include/cereal/external/rapidjson/license.txt'
2016-02-03 11:20:19: 新建复制 '//cq01-forum-rstree01.cq01.baidu.com/img/rsc/app/search/sep/anti-spam/gezi/include/cereal/external/rapidjson/prettywriter.h' -> 'C:/tmp/include/cereal/external/rapidjson/prettywriter.h'
2016-02-03 11:20:19: 新建复制 '//cq01-forum-rstree01.cq01.baidu.com/img/rsc/app/search/sep/anti-spam/gezi/include/cereal/external/rapidjson/rapidjson.h' -> 'C:/tmp/include/cereal/external/rapidjson/rapidjson.h'
2016-02-03 11:20:20: 新建复制 '//cq01-forum-rstree01.cq01.baidu.com/img/rsc/app/search/sep/anti-spam/gezi/include/cereal/external/rapidjson/reader.h' -> 'C:/tmp/include/cereal/external/rapidjson/reader.h'
2016-02-03 11:20:20: 新建复制 '//cq01-forum-rstree01.cq01.baidu.com/img/rsc/app/search/sep/anti-spam/gezi/include/cereal/external/rapidjson/stringbuffer.h' -> 'C:/tmp/include/cereal/external/rapidjson/stringbuffer.h'
2016-02-03 11:20:20: 新建复制 '//cq01-forum-rstree01.cq01.baidu.com/img/rsc/app/search/sep/anti-spam/gezi/include/cereal/external/rapidjson/writer.h' -> 'C:/tmp/include/cereal/external/rapidjson/writer.h'
2016-02-03 11:20:20: 新建复制 '//cq01-forum-rstree01.cq01.baidu.com/img/rsc/app/search/sep/anti-spam/gezi/include/cereal/external/rapidxml/license.txt' -> 'C:/tmp/include/cereal/external/rapidxml/license.txt'
2016-02-03 11:20:21: 新建复制 '//cq01-forum-rstree01.cq01.baidu.com/img/rsc/app/search/sep/anti-spam/gezi/include/cereal/external/rapidxml/manual.html' -> 'C:/tmp/include/cereal/external/rapidxml/manual.html'
2016-02-03 11:20:21: 新建复制 '//cq01-forum-rstree01.cq01.baidu.com/img/rsc/app/search/sep/anti-spam/gezi/include/cereal/external/rapidxml/rapidxml.hpp' -> 'C:/tmp/include/cereal/external/rapidxml/rapidxml.hpp'
2016-02-03 11:20:21: 新建复制 '//cq01-forum-rstree01.cq01.baidu.com/img/rsc/app/search/sep/anti-spam/gezi/include/cereal/external/rapidxml/rapidxml_iterators.hpp' -> 'C:/tmp/include/cereal/external/rapidxml/rapidxml_iterators.hpp'
2016-02-03 11:20:21: 新建复制 '//cq01-forum-rstree01.cq01.baidu.com/img/rsc/app/search/sep/anti-spam/gezi/include/cereal/external/rapidxml/rapidxml_print.hpp' -> 'C:/tmp/include/cereal/external/rapidxml/rapidxml_print.hpp'
2016-02-03 11:20:21: 新建复制 '//cq01-forum-rstree01.cq01.baidu.com/img/rsc/app/search/sep/anti-spam/gezi/include/cereal/external/rapidxml/rapidxml_utils.hpp' -> 'C:/tmp/include/cereal/external/rapidxml/rapidxml_utils.hpp'
2016-02-03 11:20:22: 新建复制 '//cq01-forum-rstree01.cq01.baidu.com/img/rsc/app/search/sep/anti-spam/gezi/include/cereal/macros.hpp' -> 'C:/tmp/include/cereal/macros.hpp'
2016-02-03 11:20:22: 新建复制 '//cq01-forum-rstree01.cq01.baidu.com/img/rsc/app/search/sep/anti-spam/gezi/include/cereal/types/array.hpp' -> 'C:/tmp/include/cereal/types/array.hpp'
2016-02-03 11:20:22: 新建复制 '//cq01-forum-rstree01.cq01.baidu.com/img/rsc/app/search/sep/anti-spam/gezi/include/cereal/types/base_class.hpp' -> 'C:/tmp/include/cereal/types/base_class.hpp'
2016-02-03 11:20:22: 新建复制 '//cq01-forum-rstree01.cq01.baidu.com/img/rsc/app/search/sep/anti-spam/gezi/include/cereal/types/bitset.hpp' -> 'C:/tmp/include/cereal/types/bitset.hpp'
2016-02-03 11:20:22: 新建复制 '//cq01-forum-rstree01.cq01.baidu.com/img/rsc/app/search/sep/anti-spam/gezi/include/cereal/types/boost_variant.hpp' -> 'C:/tmp/include/cereal/types/boost_variant.hpp'
2016-02-03 11:20:23: 新建复制 '//cq01-forum-rstree01.cq01.baidu.com/img/rsc/app/search/sep/anti-spam/gezi/include/cereal/types/chrono.hpp' -> 'C:/tmp/include/cereal/types/chrono.hpp'
2016-02-03 11:20:23: 新建复制 '//cq01-forum-rstree01.cq01.baidu.com/img/rsc/app/search/sep/anti-spam/gezi/include/cereal/types/common.hpp' -> 'C:/tmp/include/cereal/types/common.hpp'
2016-02-03 11:20:23: 新建复制 '//cq01-forum-rstree01.cq01.baidu.com/img/rsc/app/search/sep/anti-spam/gezi/include/cereal/types/complex.hpp' -> 'C:/tmp/include/cereal/types/complex.hpp'
2016-02-03 11:20:23: 新建复制 '//cq01-forum-rstree01.cq01.baidu.com/img/rsc/app/search/sep/anti-spam/gezi/include/cereal/types/deque.hpp' -> 'C:/tmp/include/cereal/types/deque.hpp'
2016-02-03 11:20:24: 新建复制 '//cq01-forum-rstree01.cq01.baidu.com/img/rsc/app/search/sep/anti-spam/gezi/include/cereal/types/eigen.hpp' -> 'C:/tmp/include/cereal/types/eigen.hpp'
2016-02-03 11:20:24: 新建复制 '//cq01-forum-rstree01.cq01.baidu.com/img/rsc/app/search/sep/anti-spam/gezi/include/cereal/types/fbvector.hpp' -> 'C:/tmp/include/cereal/types/fbvector.hpp'
2016-02-03 11:20:24: 新建复制 '//cq01-forum-rstree01.cq01.baidu.com/img/rsc/app/search/sep/anti-spam/gezi/include/cereal/types/forward_list.hpp' -> 'C:/tmp/include/cereal/types/forward_list.hpp'
2016-02-03 11:20:24: 新建复制 '//cq01-forum-rstree01.cq01.baidu.com/img/rsc/app/search/sep/anti-spam/gezi/include/cereal/types/list.hpp' -> 'C:/tmp/include/cereal/types/list.hpp'
2016-02-03 11:20:24: 新建复制 '//cq01-forum-rstree01.cq01.baidu.com/img/rsc/app/search/sep/anti-spam/gezi/include/cereal/types/map.hpp' -> 'C:/tmp/include/cereal/types/map.hpp'
2016-02-03 11:20:25: 新建复制 '//cq01-forum-rstree01.cq01.baidu.com/img/rsc/app/search/sep/anti-spam/gezi/include/cereal/types/memory.hpp' -> 'C:/tmp/include/cereal/types/memory.hpp'
2016-02-03 11:20:25: 新建复制 '//cq01-forum-rstree01.cq01.baidu.com/img/rsc/app/search/sep/anti-spam/gezi/include/cereal/types/polymorphic.hpp' -> 'C:/tmp/include/cereal/types/polymorphic.hpp'
2016-02-03 11:20:25: 新建复制 '//cq01-forum-rstree01.cq01.baidu.com/img/rsc/app/search/sep/anti-spam/gezi/include/cereal/types/queue.hpp' -> 'C:/tmp/include/cereal/types/queue.hpp'
2016-02-03 11:20:25: 新建复制 '//cq01-forum-rstree01.cq01.baidu.com/img/rsc/app/search/sep/anti-spam/gezi/include/cereal/types/set.hpp' -> 'C:/tmp/include/cereal/types/set.hpp'
2016-02-03 11:20:26: 新建复制 '//cq01-forum-rstree01.cq01.baidu.com/img/rsc/app/search/sep/anti-spam/gezi/include/cereal/types/stack.hpp' -> 'C:/tmp/include/cereal/types/stack.hpp'
2016-02-03 11:20:26: 新建复制 '//cq01-forum-rstree01.cq01.baidu.com/img/rsc/app/search/sep/anti-spam/gezi/include/cereal/types/string.hpp' -> 'C:/tmp/include/cereal/types/string.hpp'
2016-02-03 11:20:26: 新建复制 '//cq01-forum-rstree01.cq01.baidu.com/img/rsc/app/search/sep/anti-spam/gezi/include/cereal/types/tuple.hpp' -> 'C:/tmp/include/cereal/types/tuple.hpp'
2016-02-03 11:20:26: 新建复制 '//cq01-forum-rstree01.cq01.baidu.com/img/rsc/app/search/sep/anti-spam/gezi/include/cereal/types/unordered_map.hpp' -> 'C:/tmp/include/cereal/types/unordered_map.hpp'
2016-02-03 11:20:27: 新建复制 '//cq01-forum-rstree01.cq01.baidu.com/img/rsc/app/search/sep/anti-spam/gezi/include/cereal/types/unordered_set.hpp' -> 'C:/tmp/include/cereal/types/unordered_set.hpp'
2016-02-03 11:20:27: 新建复制 '//cq01-forum-rstree01.cq01.baidu.com/img/rsc/app/search/sep/anti-spam/gezi/include/cereal/types/utility.hpp' -> 'C:/tmp/include/cereal/types/utility.hpp'
2016-02-03 11:20:27: 新建复制 '//cq01-forum-rstree01.cq01.baidu.com/img/rsc/app/search/sep/anti-spam/gezi/include/cereal/types/vector.hpp' -> 'C:/tmp/include/cereal/types/vector.hpp'
2016-02-03 11:20:27: 新建复制 '//cq01-forum-rstree01.cq01.baidu.com/img/rsc/app/search/sep/anti-spam/gezi/include/ChNormalizer.h' -> 'C:/tmp/include/ChNormalizer.h'
2016-02-03 11:20:28: 新建复制 '//cq01-forum-rstree01.cq01.baidu.com/img/rsc/app/search/sep/anti-spam/gezi/include/common_algorithm.h' -> 'C:/tmp/include/common_algorithm.h'
2016-02-03 11:20:28: 新建复制 '//cq01-forum-rstree01.cq01.baidu.com/img/rsc/app/search/sep/anti-spam/gezi/include/common_def.h' -> 'C:/tmp/include/common_def.h'
2016-02-03 11:20:28: 新建复制 '//cq01-forum-rstree01.cq01.baidu.com/img/rsc/app/search/sep/anti-spam/gezi/include/common_util.h' -> 'C:/tmp/include/common_util.h'
2016-02-03 11:20:28: 新建复制 '//cq01-forum-rstree01.cq01.baidu.com/img/rsc/app/search/sep/anti-spam/gezi/include/conf_util.h' -> 'C:/tmp/include/conf_util.h'
2016-02-03 11:20:29: 新建复制 '//cq01-forum-rstree01.cq01.baidu.com/img/rsc/app/search/sep/anti-spam/gezi/include/container/lru_containers.h' -> 'C:/tmp/include/container/lru_containers.h'
2016-02-03 11:20:29: 新建复制 '//cq01-forum-rstree01.cq01.baidu.com/img/rsc/app/search/sep/anti-spam/gezi/include/container/LruMap.h' -> 'C:/tmp/include/container/LruMap.h'
2016-02-03 11:20:29: 新建复制 '//cq01-forum-rstree01.cq01.baidu.com/img/rsc/app/search/sep/anti-spam/gezi/include/container/LruSet.h' -> 'C:/tmp/include/container/LruSet.h'
2016-02-03 11:20:29: 新建复制 '//cq01-forum-rstree01.cq01.baidu.com/img/rsc/app/search/sep/anti-spam/gezi/include/container/LruSetPy.h' -> 'C:/tmp/include/container/LruSetPy.h'
2016-02-03 11:20:30: 新建复制 '//cq01-forum-rstree01.cq01.baidu.com/img/rsc/app/search/sep/anti-spam/gezi/include/convert_type.h' -> 'C:/tmp/include/convert_type.h'
2016-02-03 11:20:30: 新建复制 '//cq01-forum-rstree01.cq01.baidu.com/img/rsc/app/search/sep/anti-spam/gezi/include/curl_util.h' -> 'C:/tmp/include/curl_util.h'
2016-02-03 11:20:30: 新建复制 '//cq01-forum-rstree01.cq01.baidu.com/img/rsc/app/search/sep/anti-spam/gezi/include/DataBase.h' -> 'C:/tmp/include/DataBase.h'
2016-02-03 11:20:30: 新建复制 '//cq01-forum-rstree01.cq01.baidu.com/img/rsc/app/search/sep/anti-spam/gezi/include/datetime_util.h' -> 'C:/tmp/include/datetime_util.h'
2016-02-03 11:20:31: 新建复制 '//cq01-forum-rstree01.cq01.baidu.com/img/rsc/app/search/sep/anti-spam/gezi/include/db/otl/DataBase.h' -> 'C:/tmp/include/db/otl/DataBase.h'
2016-02-03 11:20:31: 新建复制 '//cq01-forum-rstree01.cq01.baidu.com/img/rsc/app/search/sep/anti-spam/gezi/include/db/otl/DBHelper.h' -> 'C:/tmp/include/db/otl/DBHelper.h'
2016-02-03 11:20:31: 新建复制 '//cq01-forum-rstree01.cq01.baidu.com/img/rsc/app/search/sep/anti-spam/gezi/include/db/otl/DBReader.h' -> 'C:/tmp/include/db/otl/DBReader.h'
2016-02-03 11:20:32: 新建复制 '//cq01-forum-rstree01.cq01.baidu.com/img/rsc/app/search/sep/anti-spam/gezi/include/db/otl/otlv4.h' -> 'C:/tmp/include/db/otl/otlv4.h'
2016-02-03 11:20:32: 新建复制 '//cq01-forum-rstree01.cq01.baidu.com/img/rsc/app/search/sep/anti-spam/gezi/include/debug_util.h' -> 'C:/tmp/include/debug_util.h'
2016-02-03 11:20:32: 新建复制 '//cq01-forum-rstree01.cq01.baidu.com/img/rsc/app/search/sep/anti-spam/gezi/include/ds/detail/bak/TrieImpl.h' -> 'C:/tmp/include/ds/detail/bak/TrieImpl.h'
2016-02-03 11:20:32: 新建复制 '//cq01-forum-rstree01.cq01.baidu.com/img/rsc/app/search/sep/anti-spam/gezi/include/ds/detail/dispatch.h' -> 'C:/tmp/include/ds/detail/dispatch.h'
2016-02-03 11:20:33: 新建复制 '//cq01-forum-rstree01.cq01.baidu.com/img/rsc/app/search/sep/anti-spam/gezi/include/ds/detail/TrieImpl.h' -> 'C:/tmp/include/ds/detail/TrieImpl.h'
2016-02-03 11:20:33: 新建复制 '//cq01-forum-rstree01.cq01.baidu.com/img/rsc/app/search/sep/anti-spam/gezi/include/ds/DeterminSkipList.h' -> 'C:/tmp/include/ds/DeterminSkipList.h'
2016-02-03 11:20:33: 新建复制 '//cq01-forum-rstree01.cq01.baidu.com/img/rsc/app/search/sep/anti-spam/gezi/include/ds/HuffmanTree.h' -> 'C:/tmp/include/ds/HuffmanTree.h'
2016-02-03 11:20:33: 新建复制 '//cq01-forum-rstree01.cq01.baidu.com/img/rsc/app/search/sep/anti-spam/gezi/include/ds/Rstree.h' -> 'C:/tmp/include/ds/Rstree.h'
2016-02-03 11:20:34: 新建复制 '//cq01-forum-rstree01.cq01.baidu.com/img/rsc/app/search/sep/anti-spam/gezi/include/ds/RstreeWorker.h' -> 'C:/tmp/include/ds/RstreeWorker.h'
2016-02-03 11:20:34: 新建复制 '//cq01-forum-rstree01.cq01.baidu.com/img/rsc/app/search/sep/anti-spam/gezi/include/ds/SuffixTree.h' -> 'C:/tmp/include/ds/SuffixTree.h'
2016-02-03 11:20:34: 新建复制 '//cq01-forum-rstree01.cq01.baidu.com/img/rsc/app/search/sep/anti-spam/gezi/include/ds/traits.h' -> 'C:/tmp/include/ds/traits.h'
2016-02-03 11:20:34: 新建复制 '//cq01-forum-rstree01.cq01.baidu.com/img/rsc/app/search/sep/anti-spam/gezi/include/ds/trie_traits.h' -> 'C:/tmp/include/ds/trie_traits.h'
2016-02-03 11:20:34: 新建复制 '//cq01-forum-rstree01.cq01.baidu.com/img/rsc/app/search/sep/anti-spam/gezi/include/ds/trie_util.h' -> 'C:/tmp/include/ds/trie_util.h'
2016-02-03 11:20:35: 新建复制 '//cq01-forum-rstree01.cq01.baidu.com/img/rsc/app/search/sep/anti-spam/gezi/include/edit_distance.h' -> 'C:/tmp/include/edit_distance.h'
2016-02-03 11:20:35: 新建复制 '//cq01-forum-rstree01.cq01.baidu.com/img/rsc/app/search/sep/anti-spam/gezi/include/editdistance.cc' -> 'C:/tmp/include/editdistance.cc'
2016-02-03 11:20:35: 新建复制 '//cq01-forum-rstree01.cq01.baidu.com/img/rsc/app/search/sep/anti-spam/gezi/include/editdistance.h' -> 'C:/tmp/include/editdistance.h'
2016-02-03 11:20:35: 新建复制 '//cq01-forum-rstree01.cq01.baidu.com/img/rsc/app/search/sep/anti-spam/gezi/include/encoding_convert.h' -> 'C:/tmp/include/encoding_convert.h'
2016-02-03 11:20:35: 新建复制 '//cq01-forum-rstree01.cq01.baidu.com/img/rsc/app/search/sep/anti-spam/gezi/include/encoding_def.h' -> 'C:/tmp/include/encoding_def.h'
2016-02-03 11:20:35: 新建复制 '//cq01-forum-rstree01.cq01.baidu.com/img/rsc/app/search/sep/anti-spam/gezi/include/Exception.h' -> 'C:/tmp/include/Exception.h'
2016-02-03 11:20:36: 新建复制 '//cq01-forum-rstree01.cq01.baidu.com/img/rsc/app/search/sep/anti-spam/gezi/include/Factory.h' -> 'C:/tmp/include/Factory.h'
2016-02-03 11:20:36: 新建复制 '//cq01-forum-rstree01.cq01.baidu.com/img/rsc/app/search/sep/anti-spam/gezi/include/feature/Feature.h' -> 'C:/tmp/include/feature/Feature.h'
2016-02-03 11:20:36: 新建复制 '//cq01-forum-rstree01.cq01.baidu.com/img/rsc/app/search/sep/anti-spam/gezi/include/feature/feature_selection.h' -> 'C:/tmp/include/feature/feature_selection.h'
2016-02-03 11:20:36: 新建复制 '//cq01-forum-rstree01.cq01.baidu.com/img/rsc/app/search/sep/anti-spam/gezi/include/feature/feature_util.h' -> 'C:/tmp/include/feature/feature_util.h'
2016-02-03 11:20:37: 新建复制 '//cq01-forum-rstree01.cq01.baidu.com/img/rsc/app/search/sep/anti-spam/gezi/include/feature/FeatureExtractor.h' -> 'C:/tmp/include/feature/FeatureExtractor.h'
2016-02-03 11:20:37: 新建复制 '//cq01-forum-rstree01.cq01.baidu.com/img/rsc/app/search/sep/anti-spam/gezi/include/feature/FeatureExtractorMgr.h' -> 'C:/tmp/include/feature/FeatureExtractorMgr.h'
2016-02-03 11:20:37: 新建复制 '//cq01-forum-rstree01.cq01.baidu.com/img/rsc/app/search/sep/anti-spam/gezi/include/feature/FeatureIdentifer.h' -> 'C:/tmp/include/feature/FeatureIdentifer.h'
2016-02-03 11:20:37: 新建复制 '//cq01-forum-rstree01.cq01.baidu.com/img/rsc/app/search/sep/anti-spam/gezi/include/feature/FeatureNormalizer.h' -> 'C:/tmp/include/feature/FeatureNormalizer.h'
2016-02-03 11:20:37: 新建复制 '//cq01-forum-rstree01.cq01.baidu.com/img/rsc/app/search/sep/anti-spam/gezi/include/feature/Features.h' -> 'C:/tmp/include/feature/Features.h'
2016-02-03 11:20:38: 新建复制 '//cq01-forum-rstree01.cq01.baidu.com/img/rsc/app/search/sep/anti-spam/gezi/include/feature/features_util.h' -> 'C:/tmp/include/feature/features_util.h'
2016-02-03 11:20:38: 新建复制 '//cq01-forum-rstree01.cq01.baidu.com/img/rsc/app/search/sep/anti-spam/gezi/include/feature/FeatureSelector.h' -> 'C:/tmp/include/feature/FeatureSelector.h'
2016-02-03 11:20:38: 新建复制 '//cq01-forum-rstree01.cq01.baidu.com/img/rsc/app/search/sep/anti-spam/gezi/include/feature/FeaturesExtractor.h' -> 'C:/tmp/include/feature/FeaturesExtractor.h'
2016-02-03 11:20:38: 新建复制 '//cq01-forum-rstree01.cq01.baidu.com/img/rsc/app/search/sep/anti-spam/gezi/include/feature/FeaturesExtractorMgr.h' -> 'C:/tmp/include/feature/FeaturesExtractorMgr.h'
2016-02-03 11:20:39: 新建复制 '//cq01-forum-rstree01.cq01.baidu.com/img/rsc/app/search/sep/anti-spam/gezi/include/feature/FeatureVector.h' -> 'C:/tmp/include/feature/FeatureVector.h'
2016-02-03 11:20:39: 新建复制 '//cq01-forum-rstree01.cq01.baidu.com/img/rsc/app/search/sep/anti-spam/gezi/include/feature/gain_summary.h' -> 'C:/tmp/include/feature/gain_summary.h'
2016-02-03 11:20:39: 新建复制 '//cq01-forum-rstree01.cq01.baidu.com/img/rsc/app/search/sep/anti-spam/gezi/include/feature/readme' -> 'C:/tmp/include/feature/readme'
2016-02-03 11:20:39: 新建复制 '//cq01-forum-rstree01.cq01.baidu.com/img/rsc/app/search/sep/anti-spam/gezi/include/file_util.h' -> 'C:/tmp/include/file_util.h'
2016-02-03 11:20:39: 新建复制 '//cq01-forum-rstree01.cq01.baidu.com/img/rsc/app/search/sep/anti-spam/gezi/include/format.h' -> 'C:/tmp/include/format.h'
2016-02-03 11:20:39: 新建复制 '//cq01-forum-rstree01.cq01.baidu.com/img/rsc/app/search/sep/anti-spam/gezi/include/hashmap_util.h' -> 'C:/tmp/include/hashmap_util.h'
2016-02-03 11:20:40: 新建复制 '//cq01-forum-rstree01.cq01.baidu.com/img/rsc/app/search/sep/anti-spam/gezi/include/Identifer.h' -> 'C:/tmp/include/Identifer.h'
2016-02-03 11:20:40: 新建复制 '//cq01-forum-rstree01.cq01.baidu.com/img/rsc/app/search/sep/anti-spam/gezi/include/IdentiferFactory.h' -> 'C:/tmp/include/IdentiferFactory.h'
2016-02-03 11:20:40: 新建复制 '//cq01-forum-rstree01.cq01.baidu.com/img/rsc/app/search/sep/anti-spam/gezi/include/Idf.h' -> 'C:/tmp/include/Idf.h'
2016-02-03 11:20:40: 新建复制 '//cq01-forum-rstree01.cq01.baidu.com/img/rsc/app/search/sep/anti-spam/gezi/include/IProcessor.h' -> 'C:/tmp/include/IProcessor.h'
2016-02-03 11:20:40: 新建复制 '//cq01-forum-rstree01.cq01.baidu.com/img/rsc/app/search/sep/anti-spam/gezi/include/json/autolink.h' -> 'C:/tmp/include/json/autolink.h'
2016-02-03 11:20:40: 新建复制 '//cq01-forum-rstree01.cq01.baidu.com/img/rsc/app/search/sep/anti-spam/gezi/include/json/config.h' -> 'C:/tmp/include/json/config.h'
2016-02-03 11:20:41: 新建复制 '//cq01-forum-rstree01.cq01.baidu.com/img/rsc/app/search/sep/anti-spam/gezi/include/json/features.h' -> 'C:/tmp/include/json/features.h'
2016-02-03 11:20:41: 新建复制 '//cq01-forum-rstree01.cq01.baidu.com/img/rsc/app/search/sep/anti-spam/gezi/include/json/forwards.h' -> 'C:/tmp/include/json/forwards.h'
2016-02-03 11:20:41: 新建复制 '//cq01-forum-rstree01.cq01.baidu.com/img/rsc/app/search/sep/anti-spam/gezi/include/json/json.h' -> 'C:/tmp/include/json/json.h'
2016-02-03 11:20:41: 新建复制 '//cq01-forum-rstree01.cq01.baidu.com/img/rsc/app/search/sep/anti-spam/gezi/include/json/reader.h' -> 'C:/tmp/include/json/reader.h'
2016-02-03 11:20:41: 新建复制 '//cq01-forum-rstree01.cq01.baidu.com/img/rsc/app/search/sep/anti-spam/gezi/include/json/value.h' -> 'C:/tmp/include/json/value.h'
2016-02-03 11:20:42: 新建复制 '//cq01-forum-rstree01.cq01.baidu.com/img/rsc/app/search/sep/anti-spam/gezi/include/json/writer.h' -> 'C:/tmp/include/json/writer.h'
2016-02-03 11:20:42: 新建复制 '//cq01-forum-rstree01.cq01.baidu.com/img/rsc/app/search/sep/anti-spam/gezi/include/json.h' -> 'C:/tmp/include/json.h'
2016-02-03 11:20:42: 新建复制 '//cq01-forum-rstree01.cq01.baidu.com/img/rsc/app/search/sep/anti-spam/gezi/include/linq/boolinq.h' -> 'C:/tmp/include/linq/boolinq.h'
2016-02-03 11:20:42: 新建复制 '//cq01-forum-rstree01.cq01.baidu.com/img/rsc/app/search/sep/anti-spam/gezi/include/linq/cpplinq.hpp' -> 'C:/tmp/include/linq/cpplinq.hpp'
2016-02-03 11:20:43: 新建复制 '//cq01-forum-rstree01.cq01.baidu.com/img/rsc/app/search/sep/anti-spam/gezi/include/linq.h' -> 'C:/tmp/include/linq.h'
2016-02-03 11:20:43: 新建复制 '//cq01-forum-rstree01.cq01.baidu.com/img/rsc/app/search/sep/anti-spam/gezi/include/LoadSave.h' -> 'C:/tmp/include/LoadSave.h'
2016-02-03 11:20:43: 新建复制 '//cq01-forum-rstree01.cq01.baidu.com/img/rsc/app/search/sep/anti-spam/gezi/include/log_util.h' -> 'C:/tmp/include/log_util.h'
2016-02-03 11:20:43: 新建复制 '//cq01-forum-rstree01.cq01.baidu.com/img/rsc/app/search/sep/anti-spam/gezi/include/map_util.h' -> 'C:/tmp/include/map_util.h'
2016-02-03 11:20:43: 新建复制 '//cq01-forum-rstree01.cq01.baidu.com/img/rsc/app/search/sep/anti-spam/gezi/include/MatchDict.h' -> 'C:/tmp/include/MatchDict.h'
2016-02-03 11:20:44: 新建复制 '//cq01-forum-rstree01.cq01.baidu.com/img/rsc/app/search/sep/anti-spam/gezi/include/Matrix.h' -> 'C:/tmp/include/Matrix.h'
2016-02-03 11:20:44: 新建复制 '//cq01-forum-rstree01.cq01.baidu.com/img/rsc/app/search/sep/anti-spam/gezi/include/matrix_util.h' -> 'C:/tmp/include/matrix_util.h'
2016-02-03 11:20:44: 新建复制 '//cq01-forum-rstree01.cq01.baidu.com/img/rsc/app/search/sep/anti-spam/gezi/include/MinHash.h' -> 'C:/tmp/include/MinHash.h'
2016-02-03 11:20:44: 新建复制 '//cq01-forum-rstree01.cq01.baidu.com/img/rsc/app/search/sep/anti-spam/gezi/include/model/Linear.h' -> 'C:/tmp/include/model/Linear.h'
2016-02-03 11:20:44: 新建复制 '//cq01-forum-rstree01.cq01.baidu.com/img/rsc/app/search/sep/anti-spam/gezi/include/model/LinearModel.h' -> 'C:/tmp/include/model/LinearModel.h'
2016-02-03 11:20:45: 新建复制 '//cq01-forum-rstree01.cq01.baidu.com/img/rsc/app/search/sep/anti-spam/gezi/include/model/Model.h' -> 'C:/tmp/include/model/Model.h'
2016-02-03 11:20:45: 新建复制 '//cq01-forum-rstree01.cq01.baidu.com/img/rsc/app/search/sep/anti-spam/gezi/include/model/ModelFactory.h' -> 'C:/tmp/include/model/ModelFactory.h'
2016-02-03 11:20:45: 新建复制 '//cq01-forum-rstree01.cq01.baidu.com/img/rsc/app/search/sep/anti-spam/gezi/include/model/Predictor.h' -> 'C:/tmp/include/model/Predictor.h'
2016-02-03 11:20:45: 新建复制 '//cq01-forum-rstree01.cq01.baidu.com/img/rsc/app/search/sep/anti-spam/gezi/include/model/predictor_util.h' -> 'C:/tmp/include/model/predictor_util.h'
2016-02-03 11:20:45: 新建复制 '//cq01-forum-rstree01.cq01.baidu.com/img/rsc/app/search/sep/anti-spam/gezi/include/model/RandForestModel.h' -> 'C:/tmp/include/model/RandForestModel.h'
2016-02-03 11:20:46: 新建复制 '//cq01-forum-rstree01.cq01.baidu.com/img/rsc/app/search/sep/anti-spam/gezi/include/model/readme' -> 'C:/tmp/include/model/readme'
2016-02-03 11:20:46: 新建复制 '//cq01-forum-rstree01.cq01.baidu.com/img/rsc/app/search/sep/anti-spam/gezi/include/model/Score.h' -> 'C:/tmp/include/model/Score.h'
2016-02-03 11:20:46: 新建复制 '//cq01-forum-rstree01.cq01.baidu.com/img/rsc/app/search/sep/anti-spam/gezi/include/model/SharedPredictor.h' -> 'C:/tmp/include/model/SharedPredictor.h'
2016-02-03 11:20:46: 新建复制 '//cq01-forum-rstree01.cq01.baidu.com/img/rsc/app/search/sep/anti-spam/gezi/include/model/SvmModel.h' -> 'C:/tmp/include/model/SvmModel.h'
2016-02-03 11:20:46: 新建复制 '//cq01-forum-rstree01.cq01.baidu.com/img/rsc/app/search/sep/anti-spam/gezi/include/MultiHash.h' -> 'C:/tmp/include/MultiHash.h'
2016-02-03 11:20:46: 新建复制 '//cq01-forum-rstree01.cq01.baidu.com/img/rsc/app/search/sep/anti-spam/gezi/include/myclient_help.h' -> 'C:/tmp/include/myclient_help.h'
2016-02-03 11:20:47: 新建复制 '//cq01-forum-rstree01.cq01.baidu.com/img/rsc/app/search/sep/anti-spam/gezi/include/myclient_stream.h' -> 'C:/tmp/include/myclient_stream.h'
2016-02-03 11:20:47: 新建复制 '//cq01-forum-rstree01.cq01.baidu.com/img/rsc/app/search/sep/anti-spam/gezi/include/nlp/Vocabulary.h' -> 'C:/tmp/include/nlp/Vocabulary.h'
2016-02-03 11:20:47: 新建复制 '//cq01-forum-rstree01.cq01.baidu.com/img/rsc/app/search/sep/anti-spam/gezi/include/Numeric/BinFinder.h' -> 'C:/tmp/include/Numeric/BinFinder.h'
2016-02-03 11:20:47: 新建复制 '//cq01-forum-rstree01.cq01.baidu.com/img/rsc/app/search/sep/anti-spam/gezi/include/Numeric/collocation.h' -> 'C:/tmp/include/Numeric/collocation.h'
2016-02-03 11:20:47: 新建复制 '//cq01-forum-rstree01.cq01.baidu.com/img/rsc/app/search/sep/anti-spam/gezi/include/Numeric/find_bins.h' -> 'C:/tmp/include/Numeric/find_bins.h'
2016-02-03 11:20:48: 新建复制 '//cq01-forum-rstree01.cq01.baidu.com/img/rsc/app/search/sep/anti-spam/gezi/include/Numeric/HypothesisTester.h' -> 'C:/tmp/include/Numeric/HypothesisTester.h'
2016-02-03 11:20:48: 新建复制 '//cq01-forum-rstree01.cq01.baidu.com/img/rsc/app/search/sep/anti-spam/gezi/include/Numeric/Vector/TVector.h' -> 'C:/tmp/include/Numeric/Vector/TVector.h'
2016-02-03 11:20:48: 新建复制 '//cq01-forum-rstree01.cq01.baidu.com/img/rsc/app/search/sep/anti-spam/gezi/include/Numeric/Vector/Vector.h' -> 'C:/tmp/include/Numeric/Vector/Vector.h'
2016-02-03 11:20:48: 新建复制 '//cq01-forum-rstree01.cq01.baidu.com/img/rsc/app/search/sep/anti-spam/gezi/include/Numeric/Vector/vector_util.h' -> 'C:/tmp/include/Numeric/Vector/vector_util.h'
2016-02-03 11:20:49: 新建复制 '//cq01-forum-rstree01.cq01.baidu.com/img/rsc/app/search/sep/anti-spam/gezi/include/Numeric/Vector/WeightVector.h' -> 'C:/tmp/include/Numeric/Vector/WeightVector.h'
2016-02-03 11:20:49: 新建复制 '//cq01-forum-rstree01.cq01.baidu.com/img/rsc/app/search/sep/anti-spam/gezi/include/openmp_util.h' -> 'C:/tmp/include/openmp_util.h'
2016-02-03 11:20:49: 新建复制 '//cq01-forum-rstree01.cq01.baidu.com/img/rsc/app/search/sep/anti-spam/gezi/include/other/CachedFetcher.h' -> 'C:/tmp/include/other/CachedFetcher.h'
2016-02-03 11:20:49: 新建复制 '//cq01-forum-rstree01.cq01.baidu.com/img/rsc/app/search/sep/anti-spam/gezi/include/ProcessorMgr.h' -> 'C:/tmp/include/ProcessorMgr.h'
2016-02-03 11:20:49: 新建复制 '//cq01-forum-rstree01.cq01.baidu.com/img/rsc/app/search/sep/anti-spam/gezi/include/ProgressBar.h' -> 'C:/tmp/include/ProgressBar.h'
2016-02-03 11:20:50: 新建复制 '//cq01-forum-rstree01.cq01.baidu.com/img/rsc/app/search/sep/anti-spam/gezi/include/python_util.h' -> 'C:/tmp/include/python_util.h'
2016-02-03 11:20:50: 新建复制 '//cq01-forum-rstree01.cq01.baidu.com/img/rsc/app/search/sep/anti-spam/gezi/include/PythonWrapper/Predictor.h' -> 'C:/tmp/include/PythonWrapper/Predictor.h'
2016-02-03 11:20:50: 新建复制 '//cq01-forum-rstree01.cq01.baidu.com/img/rsc/app/search/sep/anti-spam/gezi/include/PythonWrapper/PredictorFactory.h' -> 'C:/tmp/include/PythonWrapper/PredictorFactory.h'
2016-02-03 11:20:50: 新建复制 '//cq01-forum-rstree01.cq01.baidu.com/img/rsc/app/search/sep/anti-spam/gezi/include/rabit_util.h' -> 'C:/tmp/include/rabit_util.h'
2016-02-03 11:20:50: 新建复制 '//cq01-forum-rstree01.cq01.baidu.com/img/rsc/app/search/sep/anti-spam/gezi/include/random_util.h' -> 'C:/tmp/include/random_util.h'
2016-02-03 11:20:51: 新建复制 '//cq01-forum-rstree01.cq01.baidu.com/img/rsc/app/search/sep/anti-spam/gezi/include/readme' -> 'C:/tmp/include/readme'
2016-02-03 11:20:51: 新建复制 '//cq01-forum-rstree01.cq01.baidu.com/img/rsc/app/search/sep/anti-spam/gezi/include/reg_util.h' -> 'C:/tmp/include/reg_util.h'
2016-02-03 11:20:51: 新建复制 '//cq01-forum-rstree01.cq01.baidu.com/img/rsc/app/search/sep/anti-spam/gezi/include/RegexMatcher.h' -> 'C:/tmp/include/RegexMatcher.h'
2016-02-03 11:20:51: 新建复制 '//cq01-forum-rstree01.cq01.baidu.com/img/rsc/app/search/sep/anti-spam/gezi/include/RegexReplaceProcessor.h' -> 'C:/tmp/include/RegexReplaceProcessor.h'
2016-02-03 11:20:51: 新建复制 '//cq01-forum-rstree01.cq01.baidu.com/img/rsc/app/search/sep/anti-spam/gezi/include/RegexSearcher.h' -> 'C:/tmp/include/RegexSearcher.h'
2016-02-03 11:20:52: 新建复制 '//cq01-forum-rstree01.cq01.baidu.com/img/rsc/app/search/sep/anti-spam/gezi/include/Segmentor.h' -> 'C:/tmp/include/Segmentor.h'
2016-02-03 11:20:52: 新建复制 '//cq01-forum-rstree01.cq01.baidu.com/img/rsc/app/search/sep/anti-spam/gezi/include/serialization/shared_ptr.hpp' -> 'C:/tmp/include/serialization/shared_ptr.hpp'
2016-02-03 11:20:52: 新建复制 '//cq01-forum-rstree01.cq01.baidu.com/img/rsc/app/search/sep/anti-spam/gezi/include/serialization/shared_ptr_helper.hpp' -> 'C:/tmp/include/serialization/shared_ptr_helper.hpp'
2016-02-03 11:20:52: 新建复制 '//cq01-forum-rstree01.cq01.baidu.com/img/rsc/app/search/sep/anti-spam/gezi/include/serialization/unique_ptr.hpp' -> 'C:/tmp/include/serialization/unique_ptr.hpp'
2016-02-03 11:20:52: 新建复制 '//cq01-forum-rstree01.cq01.baidu.com/img/rsc/app/search/sep/anti-spam/gezi/include/serialization/unordered_map_serialize.h' -> 'C:/tmp/include/serialization/unordered_map_serialize.h'
2016-02-03 11:20:52: 新建复制 '//cq01-forum-rstree01.cq01.baidu.com/img/rsc/app/search/sep/anti-spam/gezi/include/serialization/unordered_set_serialize.h' -> 'C:/tmp/include/serialization/unordered_set_serialize.h'
2016-02-03 11:20:53: 新建复制 '//cq01-forum-rstree01.cq01.baidu.com/img/rsc/app/search/sep/anti-spam/gezi/include/serialize_boost.h' -> 'C:/tmp/include/serialize_boost.h'
2016-02-03 11:20:53: 新建复制 '//cq01-forum-rstree01.cq01.baidu.com/img/rsc/app/search/sep/anti-spam/gezi/include/serialize_cereal.h' -> 'C:/tmp/include/serialize_cereal.h'
2016-02-03 11:20:53: 新建复制 '//cq01-forum-rstree01.cq01.baidu.com/img/rsc/app/search/sep/anti-spam/gezi/include/serialize_util.h' -> 'C:/tmp/include/serialize_util.h'
2016-02-03 11:20:54: 新建复制 '//cq01-forum-rstree01.cq01.baidu.com/img/rsc/app/search/sep/anti-spam/gezi/include/SharedAnyMap.h' -> 'C:/tmp/include/SharedAnyMap.h'
2016-02-03 11:20:54: 新建复制 '//cq01-forum-rstree01.cq01.baidu.com/img/rsc/app/search/sep/anti-spam/gezi/include/SharedIdentifers.h' -> 'C:/tmp/include/SharedIdentifers.h'
2016-02-03 11:20:54: 新建复制 '//cq01-forum-rstree01.cq01.baidu.com/img/rsc/app/search/sep/anti-spam/gezi/include/SharedObjects.h' -> 'C:/tmp/include/SharedObjects.h'
2016-02-03 11:20:54: 新建复制 '//cq01-forum-rstree01.cq01.baidu.com/img/rsc/app/search/sep/anti-spam/gezi/include/SimpleServer.h' -> 'C:/tmp/include/SimpleServer.h'
2016-02-03 11:20:55: 新建复制 '//cq01-forum-rstree01.cq01.baidu.com/img/rsc/app/search/sep/anti-spam/gezi/include/Singleton.h' -> 'C:/tmp/include/Singleton.h'
2016-02-03 11:20:55: 新建复制 '//cq01-forum-rstree01.cq01.baidu.com/img/rsc/app/search/sep/anti-spam/gezi/include/sort_map_by_value.h' -> 'C:/tmp/include/sort_map_by_value.h'
2016-02-03 11:20:55: 新建复制 '//cq01-forum-rstree01.cq01.baidu.com/img/rsc/app/search/sep/anti-spam/gezi/include/sort_util.h' -> 'C:/tmp/include/sort_util.h'
2016-02-03 11:20:55: 新建复制 '//cq01-forum-rstree01.cq01.baidu.com/img/rsc/app/search/sep/anti-spam/gezi/include/statistic_util.h' -> 'C:/tmp/include/statistic_util.h'
2016-02-03 11:20:55: 新建复制 '//cq01-forum-rstree01.cq01.baidu.com/img/rsc/app/search/sep/anti-spam/gezi/include/stl_util.h' -> 'C:/tmp/include/stl_util.h'
2016-02-03 11:20:56: 新建复制 '//cq01-forum-rstree01.cq01.baidu.com/img/rsc/app/search/sep/anti-spam/gezi/include/string2argcargv.h' -> 'C:/tmp/include/string2argcargv.h'
2016-02-03 11:20:56: 新建复制 '//cq01-forum-rstree01.cq01.baidu.com/img/rsc/app/search/sep/anti-spam/gezi/include/string_def.h' -> 'C:/tmp/include/string_def.h'
2016-02-03 11:20:56: 新建复制 '//cq01-forum-rstree01.cq01.baidu.com/img/rsc/app/search/sep/anti-spam/gezi/include/string_util.h' -> 'C:/tmp/include/string_util.h'
2016-02-03 11:20:56: 新建复制 '//cq01-forum-rstree01.cq01.baidu.com/img/rsc/app/search/sep/anti-spam/gezi/include/third/mpp/detail/comm.h' -> 'C:/tmp/include/third/mpp/detail/comm.h'
2016-02-03 11:20:57: 新建复制 '//cq01-forum-rstree01.cq01.baidu.com/img/rsc/app/search/sep/anti-spam/gezi/include/third/mpp/detail/decls.h' -> 'C:/tmp/include/third/mpp/detail/decls.h'
2016-02-03 11:20:57: 新建复制 '//cq01-forum-rstree01.cq01.baidu.com/img/rsc/app/search/sep/anti-spam/gezi/include/third/mpp/detail/endpoint.h' -> 'C:/tmp/include/third/mpp/detail/endpoint.h'
2016-02-03 11:20:57: 新建复制 '//cq01-forum-rstree01.cq01.baidu.com/img/rsc/app/search/sep/anti-spam/gezi/include/third/mpp/detail/message.h' -> 'C:/tmp/include/third/mpp/detail/message.h'
2016-02-03 11:20:57: 新建复制 '//cq01-forum-rstree01.cq01.baidu.com/img/rsc/app/search/sep/anti-spam/gezi/include/third/mpp/detail/request.h' -> 'C:/tmp/include/third/mpp/detail/request.h'
2016-02-03 11:20:58: 新建复制 '//cq01-forum-rstree01.cq01.baidu.com/img/rsc/app/search/sep/anti-spam/gezi/include/third/mpp/detail/status.h' -> 'C:/tmp/include/third/mpp/detail/status.h'
2016-02-03 11:20:58: 新建复制 '//cq01-forum-rstree01.cq01.baidu.com/img/rsc/app/search/sep/anti-spam/gezi/include/third/mpp/detail/type_traits.h' -> 'C:/tmp/include/third/mpp/detail/type_traits.h'
2016-02-03 11:20:58: 新建复制 '//cq01-forum-rstree01.cq01.baidu.com/img/rsc/app/search/sep/anti-spam/gezi/include/third/mpp/mpp.h' -> 'C:/tmp/include/third/mpp/mpp.h'
2016-02-03 11:20:58: 新建复制 '//cq01-forum-rstree01.cq01.baidu.com/img/rsc/app/search/sep/anti-spam/gezi/include/third/readme' -> 'C:/tmp/include/third/readme'
2016-02-03 11:20:59: 新建复制 '//cq01-forum-rstree01.cq01.baidu.com/img/rsc/app/search/sep/anti-spam/gezi/include/ThreadLocalAnyMap.h' -> 'C:/tmp/include/ThreadLocalAnyMap.h'
2016-02-03 11:20:59: 新建复制 '//cq01-forum-rstree01.cq01.baidu.com/img/rsc/app/search/sep/anti-spam/gezi/include/tieba/common_def.h' -> 'C:/tmp/include/tieba/common_def.h'
2016-02-03 11:20:59: 新建复制 '//cq01-forum-rstree01.cq01.baidu.com/img/rsc/app/search/sep/anti-spam/gezi/include/tieba/feature/feature_extractor_util.h' -> 'C:/tmp/include/tieba/feature/feature_extractor_util.h'
2016-02-03 11:20:59: 新建复制 '//cq01-forum-rstree01.cq01.baidu.com/img/rsc/app/search/sep/anti-spam/gezi/include/tieba/feature/fullposts/DingtieExtractor.h' -> 'C:/tmp/include/tieba/feature/fullposts/DingtieExtractor.h'
2016-02-03 11:21:00: 新建复制 '//cq01-forum-rstree01.cq01.baidu.com/img/rsc/app/search/sep/anti-spam/gezi/include/tieba/feature/fullposts/FullPostsExtractor.h' -> 'C:/tmp/include/tieba/feature/fullposts/FullPostsExtractor.h'
2016-02-03 11:21:00: 新建复制 '//cq01-forum-rstree01.cq01.baidu.com/img/rsc/app/search/sep/anti-spam/gezi/include/tieba/feature/fullposts/IpExtractor.h' -> 'C:/tmp/include/tieba/feature/fullposts/IpExtractor.h'
2016-02-03 11:21:00: 新建复制 '//cq01-forum-rstree01.cq01.baidu.com/img/rsc/app/search/sep/anti-spam/gezi/include/tieba/feature/fullposts/LanguageModelExtractor.h' -> 'C:/tmp/include/tieba/feature/fullposts/LanguageModelExtractor.h'
2016-02-03 11:21:00: 新建复制 '//cq01-forum-rstree01.cq01.baidu.com/img/rsc/app/search/sep/anti-spam/gezi/include/tieba/feature/fullposts/MediaExtractor.h' -> 'C:/tmp/include/tieba/feature/fullposts/MediaExtractor.h'
2016-02-03 11:21:01: 新建复制 '//cq01-forum-rstree01.cq01.baidu.com/img/rsc/app/search/sep/anti-spam/gezi/include/tieba/feature/fullposts/NumberExtractor.h' -> 'C:/tmp/include/tieba/feature/fullposts/NumberExtractor.h'
2016-02-03 11:21:01: 新建复制 '//cq01-forum-rstree01.cq01.baidu.com/img/rsc/app/search/sep/anti-spam/gezi/include/tieba/feature/fullposts/SequenceExtractor.h' -> 'C:/tmp/include/tieba/feature/fullposts/SequenceExtractor.h'
2016-02-03 11:21:01: 新建复制 '//cq01-forum-rstree01.cq01.baidu.com/img/rsc/app/search/sep/anti-spam/gezi/include/tieba/feature/fullposts/TextScoreExtractor.h' -> 'C:/tmp/include/tieba/feature/fullposts/TextScoreExtractor.h'
2016-02-03 11:21:01: 新建复制 '//cq01-forum-rstree01.cq01.baidu.com/img/rsc/app/search/sep/anti-spam/gezi/include/tieba/feature/rsc_thread/RscThreadDictMatchExtractor.h' -> 'C:/tmp/include/tieba/feature/rsc_thread/RscThreadDictMatchExtractor.h'
2016-02-03 11:21:02: 新建复制 '//cq01-forum-rstree01.cq01.baidu.com/img/rsc/app/search/sep/anti-spam/gezi/include/tieba/feature/rsc_thread/RscThreadExtractor.h' -> 'C:/tmp/include/tieba/feature/rsc_thread/RscThreadExtractor.h'
2016-02-03 11:21:02: 新建复制 '//cq01-forum-rstree01.cq01.baidu.com/img/rsc/app/search/sep/anti-spam/gezi/include/tieba/feature/rsc_thread/RscThreadTextScoreExtractor.h' -> 'C:/tmp/include/tieba/feature/rsc_thread/RscThreadTextScoreExtractor.h'
2016-02-03 11:21:02: 新建复制 '//cq01-forum-rstree01.cq01.baidu.com/img/rsc/app/search/sep/anti-spam/gezi/include/tieba/feature/urate/ContentSimExtractor.h' -> 'C:/tmp/include/tieba/feature/urate/ContentSimExtractor.h'
2016-02-03 11:21:02: 新建复制 '//cq01-forum-rstree01.cq01.baidu.com/img/rsc/app/search/sep/anti-spam/gezi/include/tieba/feature/urate/DeformExtractor.h' -> 'C:/tmp/include/tieba/feature/urate/DeformExtractor.h'
2016-02-03 11:21:03: 新建复制 '//cq01-forum-rstree01.cq01.baidu.com/img/rsc/app/search/sep/anti-spam/gezi/include/tieba/feature/urate/DictMatchExtractor.h' -> 'C:/tmp/include/tieba/feature/urate/DictMatchExtractor.h'
2016-02-03 11:21:03: 新建复制 '//cq01-forum-rstree01.cq01.baidu.com/img/rsc/app/search/sep/anti-spam/gezi/include/tieba/feature/urate/ForumExtractor.h' -> 'C:/tmp/include/tieba/feature/urate/ForumExtractor.h'
2016-02-03 11:21:03: 新建复制 '//cq01-forum-rstree01.cq01.baidu.com/img/rsc/app/search/sep/anti-spam/gezi/include/tieba/feature/urate/ImgExtrator.h' -> 'C:/tmp/include/tieba/feature/urate/ImgExtrator.h'
2016-02-03 11:21:03: 新建复制 '//cq01-forum-rstree01.cq01.baidu.com/img/rsc/app/search/sep/anti-spam/gezi/include/tieba/feature/urate/IpExtractor.h' -> 'C:/tmp/include/tieba/feature/urate/IpExtractor.h'
2016-02-03 11:21:04: 新建复制 '//cq01-forum-rstree01.cq01.baidu.com/img/rsc/app/search/sep/anti-spam/gezi/include/tieba/feature/urate/LanguageModelExtractor.h' -> 'C:/tmp/include/tieba/feature/urate/LanguageModelExtractor.h'
2016-02-03 11:21:04: 新建复制 '//cq01-forum-rstree01.cq01.baidu.com/img/rsc/app/search/sep/anti-spam/gezi/include/tieba/feature/urate/MediaExtractor.h' -> 'C:/tmp/include/tieba/feature/urate/MediaExtractor.h'
2016-02-03 11:21:04: 新建复制 '//cq01-forum-rstree01.cq01.baidu.com/img/rsc/app/search/sep/anti-spam/gezi/include/tieba/feature/urate/NumberExtractor.h' -> 'C:/tmp/include/tieba/feature/urate/NumberExtractor.h'
2016-02-03 11:21:04: 新建复制 '//cq01-forum-rstree01.cq01.baidu.com/img/rsc/app/search/sep/anti-spam/gezi/include/tieba/feature/urate/PlsaTopicExtractor.h' -> 'C:/tmp/include/tieba/feature/urate/PlsaTopicExtractor.h'
2016-02-03 11:21:04: 新建复制 '//cq01-forum-rstree01.cq01.baidu.com/img/rsc/app/search/sep/anti-spam/gezi/include/tieba/feature/urate/SequenceExtractor.h' -> 'C:/tmp/include/tieba/feature/urate/SequenceExtractor.h'
2016-02-03 11:21:05: 新建复制 '//cq01-forum-rstree01.cq01.baidu.com/img/rsc/app/search/sep/anti-spam/gezi/include/tieba/feature/urate/SundryExtractor.h' -> 'C:/tmp/include/tieba/feature/urate/SundryExtractor.h'
2016-02-03 11:21:05: 新建复制 '//cq01-forum-rstree01.cq01.baidu.com/img/rsc/app/search/sep/anti-spam/gezi/include/tieba/feature/urate/TextExtractor.h' -> 'C:/tmp/include/tieba/feature/urate/TextExtractor.h'
2016-02-03 11:21:05: 新建复制 '//cq01-forum-rstree01.cq01.baidu.com/img/rsc/app/search/sep/anti-spam/gezi/include/tieba/feature/urate/TextScoreExtractor.h' -> 'C:/tmp/include/tieba/feature/urate/TextScoreExtractor.h'
2016-02-03 11:21:05: 新建复制 '//cq01-forum-rstree01.cq01.baidu.com/img/rsc/app/search/sep/anti-spam/gezi/include/tieba/feature/urate/TimeExtractor.h' -> 'C:/tmp/include/tieba/feature/urate/TimeExtractor.h'
2016-02-03 11:21:06: 新建复制 '//cq01-forum-rstree01.cq01.baidu.com/img/rsc/app/search/sep/anti-spam/gezi/include/tieba/feature/urate/TimeExtractor.h~' -> 'C:/tmp/include/tieba/feature/urate/TimeExtractor.h~'
2016-02-03 11:21:06: 新建复制 '//cq01-forum-rstree01.cq01.baidu.com/img/rsc/app/search/sep/anti-spam/gezi/include/tieba/feature/urate/TitleSimExtractor.h' -> 'C:/tmp/include/tieba/feature/urate/TitleSimExtractor.h'
2016-02-03 11:21:06: 新建复制 '//cq01-forum-rstree01.cq01.baidu.com/img/rsc/app/search/sep/anti-spam/gezi/include/tieba/feature/urate/UnusalCharExtractor.h' -> 'C:/tmp/include/tieba/feature/urate/UnusalCharExtractor.h'
2016-02-03 11:21:06: 新建复制 '//cq01-forum-rstree01.cq01.baidu.com/img/rsc/app/search/sep/anti-spam/gezi/include/tieba/feature/urate/UnusalCnExtractor.h' -> 'C:/tmp/include/tieba/feature/urate/UnusalCnExtractor.h'
2016-02-03 11:21:06: 新建复制 '//cq01-forum-rstree01.cq01.baidu.com/img/rsc/app/search/sep/anti-spam/gezi/include/tieba/feature/urate/UrateExtractor.h' -> 'C:/tmp/include/tieba/feature/urate/UrateExtractor.h'
2016-02-03 11:21:07: 新建复制 '//cq01-forum-rstree01.cq01.baidu.com/img/rsc/app/search/sep/anti-spam/gezi/include/tieba/feature/urate/UserExtractor.h' -> 'C:/tmp/include/tieba/feature/urate/UserExtractor.h'
2016-02-03 11:21:07: 新建复制 '//cq01-forum-rstree01.cq01.baidu.com/img/rsc/app/search/sep/anti-spam/gezi/include/tieba/fullposts/extended_fullposts_info.h' -> 'C:/tmp/include/tieba/fullposts/extended_fullposts_info.h'
2016-02-03 11:21:07: 新建复制 '//cq01-forum-rstree01.cq01.baidu.com/img/rsc/app/search/sep/anti-spam/gezi/include/tieba/fullposts/fullposts_features.h' -> 'C:/tmp/include/tieba/fullposts/fullposts_features.h'
2016-02-03 11:21:07: 新建复制 '//cq01-forum-rstree01.cq01.baidu.com/img/rsc/app/search/sep/anti-spam/gezi/include/tieba/fullposts/run/run_fullposts.h' -> 'C:/tmp/include/tieba/fullposts/run/run_fullposts.h'
2016-02-03 11:21:07: 新建复制 '//cq01-forum-rstree01.cq01.baidu.com/img/rsc/app/search/sep/anti-spam/gezi/include/tieba/get_info.h' -> 'C:/tmp/include/tieba/get_info.h'
2016-02-03 11:21:08: 新建复制 '//cq01-forum-rstree01.cq01.baidu.com/img/rsc/app/search/sep/anti-spam/gezi/include/tieba/get_parsed_info.h' -> 'C:/tmp/include/tieba/get_parsed_info.h'
2016-02-03 11:21:08: 新建复制 '//cq01-forum-rstree01.cq01.baidu.com/img/rsc/app/search/sep/anti-spam/gezi/include/tieba/info/delete_info.h' -> 'C:/tmp/include/tieba/info/delete_info.h'
2016-02-03 11:21:08: 新建复制 '//cq01-forum-rstree01.cq01.baidu.com/img/rsc/app/search/sep/anti-spam/gezi/include/tieba/info/forum_info.h' -> 'C:/tmp/include/tieba/info/forum_info.h'
2016-02-03 11:21:08: 新建复制 '//cq01-forum-rstree01.cq01.baidu.com/img/rsc/app/search/sep/anti-spam/gezi/include/tieba/info/post_info.h' -> 'C:/tmp/include/tieba/info/post_info.h'
2016-02-03 11:21:08: 新建复制 '//cq01-forum-rstree01.cq01.baidu.com/img/rsc/app/search/sep/anti-spam/gezi/include/tieba/info/thread_info.h' -> 'C:/tmp/include/tieba/info/thread_info.h'
2016-02-03 11:21:09: 新建复制 '//cq01-forum-rstree01.cq01.baidu.com/img/rsc/app/search/sep/anti-spam/gezi/include/tieba/info/url_info.h' -> 'C:/tmp/include/tieba/info/url_info.h'
2016-02-03 11:21:09: 新建复制 '//cq01-forum-rstree01.cq01.baidu.com/img/rsc/app/search/sep/anti-spam/gezi/include/tieba/info/user_info.h' -> 'C:/tmp/include/tieba/info/user_info.h'
2016-02-03 11:21:09: 新建复制 '//cq01-forum-rstree01.cq01.baidu.com/img/rsc/app/search/sep/anti-spam/gezi/include/tieba/info/user_posts_info.h' -> 'C:/tmp/include/tieba/info/user_posts_info.h'
2016-02-03 11:21:09: 新建复制 '//cq01-forum-rstree01.cq01.baidu.com/img/rsc/app/search/sep/anti-spam/gezi/include/tieba/info_def.h' -> 'C:/tmp/include/tieba/info_def.h'
2016-02-03 11:21:09: 新建复制 '//cq01-forum-rstree01.cq01.baidu.com/img/rsc/app/search/sep/anti-spam/gezi/include/tieba/JsonParser.h' -> 'C:/tmp/include/tieba/JsonParser.h'
2016-02-03 11:21:10: 新建复制 '//cq01-forum-rstree01.cq01.baidu.com/img/rsc/app/search/sep/anti-spam/gezi/include/tieba/rsc/rsc_thread_def.h' -> 'C:/tmp/include/tieba/rsc/rsc_thread_def.h'
2016-02-03 11:21:10: 新建复制 '//cq01-forum-rstree01.cq01.baidu.com/img/rsc/app/search/sep/anti-spam/gezi/include/tieba/rsc/rsc_threads_info.h' -> 'C:/tmp/include/tieba/rsc/rsc_threads_info.h'
2016-02-03 11:21:10: 新建复制 '//cq01-forum-rstree01.cq01.baidu.com/img/rsc/app/search/sep/anti-spam/gezi/include/tieba/TextPredictor.h' -> 'C:/tmp/include/tieba/TextPredictor.h'
2016-02-03 11:21:10: 新建复制 '//cq01-forum-rstree01.cq01.baidu.com/img/rsc/app/search/sep/anti-spam/gezi/include/tieba/tieba_util.h' -> 'C:/tmp/include/tieba/tieba_util.h'
2016-02-03 11:21:10: 新建复制 '//cq01-forum-rstree01.cq01.baidu.com/img/rsc/app/search/sep/anti-spam/gezi/include/tieba/uname_util.h' -> 'C:/tmp/include/tieba/uname_util.h'
2016-02-03 11:21:11: 新建复制 '//cq01-forum-rstree01.cq01.baidu.com/img/rsc/app/search/sep/anti-spam/gezi/include/tieba/urate/extended_urate_info.h' -> 'C:/tmp/include/tieba/urate/extended_urate_info.h'
2016-02-03 11:21:11: 新建复制 '//cq01-forum-rstree01.cq01.baidu.com/img/rsc/app/search/sep/anti-spam/gezi/include/tieba/urate/get_urate_info.h' -> 'C:/tmp/include/tieba/urate/get_urate_info.h'
2016-02-03 11:21:11: 新建复制 '//cq01-forum-rstree01.cq01.baidu.com/img/rsc/app/search/sep/anti-spam/gezi/include/tieba/urate/urate_features.h' -> 'C:/tmp/include/tieba/urate/urate_features.h'
2016-02-03 11:21:11: 新建复制 '//cq01-forum-rstree01.cq01.baidu.com/img/rsc/app/search/sep/anti-spam/gezi/include/tieba/urate/urate_info.h' -> 'C:/tmp/include/tieba/urate/urate_info.h'
2016-02-03 11:21:11: 新建复制 '//cq01-forum-rstree01.cq01.baidu.com/img/rsc/app/search/sep/anti-spam/gezi/include/tieba/util.h' -> 'C:/tmp/include/tieba/util.h'
2016-02-03 11:21:11: 新建复制 '//cq01-forum-rstree01.cq01.baidu.com/img/rsc/app/search/sep/anti-spam/gezi/include/time_util.h' -> 'C:/tmp/include/time_util.h'
2016-02-03 11:21:12: 新建复制 '//cq01-forum-rstree01.cq01.baidu.com/img/rsc/app/search/sep/anti-spam/gezi/include/tools/content_process.h' -> 'C:/tmp/include/tools/content_process.h'
2016-02-03 11:21:12: 新建复制 '//cq01-forum-rstree01.cq01.baidu.com/img/rsc/app/search/sep/anti-spam/gezi/include/tools/contents_process.h' -> 'C:/tmp/include/tools/contents_process.h'
2016-02-03 11:21:12: 新建复制 '//cq01-forum-rstree01.cq01.baidu.com/img/rsc/app/search/sep/anti-spam/gezi/include/tools/ip.h' -> 'C:/tmp/include/tools/ip.h'
2016-02-03 11:21:12: 新建复制 '//cq01-forum-rstree01.cq01.baidu.com/img/rsc/app/search/sep/anti-spam/gezi/include/tools/IpFinder.h' -> 'C:/tmp/include/tools/IpFinder.h'
2016-02-03 11:21:12: 新建复制 '//cq01-forum-rstree01.cq01.baidu.com/img/rsc/app/search/sep/anti-spam/gezi/include/tools/language_model.h' -> 'C:/tmp/include/tools/language_model.h'
2016-02-03 11:21:13: 新建复制 '//cq01-forum-rstree01.cq01.baidu.com/img/rsc/app/search/sep/anti-spam/gezi/include/tools/LanguageModel.h' -> 'C:/tmp/include/tools/LanguageModel.h'
2016-02-03 11:21:13: 新建复制 '//cq01-forum-rstree01.cq01.baidu.com/img/rsc/app/search/sep/anti-spam/gezi/include/tools/pinyin/IPYFactory.h' -> 'C:/tmp/include/tools/pinyin/IPYFactory.h'
2016-02-03 11:21:13: 新建复制 '//cq01-forum-rstree01.cq01.baidu.com/img/rsc/app/search/sep/anti-spam/gezi/include/tools/pinyin/IPYNotation.h' -> 'C:/tmp/include/tools/pinyin/IPYNotation.h'
2016-02-03 11:21:13: 新建复制 '//cq01-forum-rstree01.cq01.baidu.com/img/rsc/app/search/sep/anti-spam/gezi/include/tools/pinyin/libPYNotation.a' -> 'C:/tmp/include/tools/pinyin/libPYNotation.a'
2016-02-03 11:21:14: 新建复制 '//cq01-forum-rstree01.cq01.baidu.com/img/rsc/app/search/sep/anti-spam/gezi/include/tools/pinyin/Pinyin.h' -> 'C:/tmp/include/tools/pinyin/Pinyin.h'
2016-02-03 11:21:14: 新建复制 '//cq01-forum-rstree01.cq01.baidu.com/img/rsc/app/search/sep/anti-spam/gezi/include/tools/redis/RedisClient.h' -> 'C:/tmp/include/tools/redis/RedisClient.h'
2016-02-03 11:21:14: 新建复制 '//cq01-forum-rstree01.cq01.baidu.com/img/rsc/app/search/sep/anti-spam/gezi/include/tools/uname_util.h' -> 'C:/tmp/include/tools/uname_util.h'
2016-02-03 11:21:14: 新建复制 '//cq01-forum-rstree01.cq01.baidu.com/img/rsc/app/search/sep/anti-spam/gezi/include/undef_convert.h' -> 'C:/tmp/include/undef_convert.h'
2016-02-03 11:21:14: 新建复制 '//cq01-forum-rstree01.cq01.baidu.com/img/rsc/app/search/sep/anti-spam/gezi/include/unique_add_and_copy.h' -> 'C:/tmp/include/unique_add_and_copy.h'
2016-02-03 11:21:15: 新建复制 '//cq01-forum-rstree01.cq01.baidu.com/img/rsc/app/search/sep/anti-spam/gezi/include/url_util.h' -> 'C:/tmp/include/url_util.h'
2016-02-03 11:21:15: 新建复制 '//cq01-forum-rstree01.cq01.baidu.com/img/rsc/app/search/sep/anti-spam/gezi/include/vector_def.h' -> 'C:/tmp/include/vector_def.h'
2016-02-03 11:21:15: 新建复制 '//cq01-forum-rstree01.cq01.baidu.com/img/rsc/app/search/sep/anti-spam/gezi/include/WithArgs.h' -> 'C:/tmp/include/WithArgs.h'
2016-02-03 11:21:15: 新建复制 '//cq01-forum-rstree01.cq01.baidu.com/img/rsc/app/search/sep/anti-spam/gezi/include/WithHelp.h' -> 'C:/tmp/include/WithHelp.h'
2016-02-03 11:21:15: 新建复制 '//cq01-forum-rstree01.cq01.baidu.com/img/rsc/app/search/sep/anti-spam/gezi/include/wstring_util.h' -> 'C:/tmp/include/wstring_util.h'
2016-02-03 11:21:16: ===== ：同步完毕。时间：00:01:08，速度： 72.7 KB/s =====, 项目同步未必： 339，错误： 
2016-02-03 11:21:16: 
